# JRE version: OpenJDK Runtime Environment (8.0_202-b03) (build 1.8.0_202-release-1483-b03)
# Java VM: OpenJDK 64-Bit Server VM (25.202-b03 mixed mode windows-amd64 compressed oops)
Heap:
 PSYoungGen      total 477696K, used 384905K [0x00000000e0000000, 0x0000000100000000, 0x0000000100000000)
  eden space 431104K, 81% used [0x00000000e0000000,0x00000000f5878ee0,0x00000000fa500000)
  from space 46592K, 69% used [0x00000000fa500000,0x00000000fc469668,0x00000000fd280000)
  to   space 46080K, 0% used [0x00000000fd300000,0x00000000fd300000,0x0000000100000000)
 ParOldGen       total 224256K, used 85762K [0x00000000a0000000, 0x00000000adb00000, 0x00000000e0000000)
  object space 224256K, 38% used [0x00000000a0000000,0x00000000a53c0908,0x00000000adb00000)
 Metaspace       used 137358K, capacity 145184K, committed 145496K, reserved 1175552K
  class space    used 17272K, capacity 18740K, committed 18816K, reserved 1048576K
GC Heap History (10 events):
Event: 3299.118 GC heap before
{Heap before GC invocations=29 (full 4):
 PSYoungGen      total 474112K, used 445427K [0x00000000e0000000, 0x00000000ffd80000, 0x0000000100000000)
  eden space 427520K, 100% used [0x00000000e0000000,0x00000000fa180000,0x00000000fa180000)
  from space 46592K, 38% used [0x00000000fd000000,0x00000000fe17cea0,0x00000000ffd80000)
  to   space 47104K, 0% used [0x00000000fa180000,0x00000000fa180000,0x00000000fcf80000)
 ParOldGen       total 224256K, used 80521K [0x00000000a0000000, 0x00000000adb00000, 0x00000000e0000000)
  object space 224256K, 35% used [0x00000000a0000000,0x00000000a4ea26c8,0x00000000adb00000)
 Metaspace       used 135972K, capacity 143260K, committed 143448K, reserved 1173504K
  class space    used 17149K, capacity 18551K, committed 18560K, reserved 1048576K
Event: 3299.156 GC heap after
Heap after GC invocations=29 (full 4):
 PSYoungGen      total 474624K, used 24429K [0x00000000e0000000, 0x00000000ffc80000, 0x0000000100000000)
  eden space 427520K, 0% used [0x00000000e0000000,0x00000000e0000000,0x00000000fa180000)
  from space 47104K, 51% used [0x00000000fa180000,0x00000000fb95b6e0,0x00000000fcf80000)
  to   space 45056K, 0% used [0x00000000fd080000,0x00000000fd080000,0x00000000ffc80000)
 ParOldGen       total 224256K, used 80529K [0x00000000a0000000, 0x00000000adb00000, 0x00000000e0000000)
  object space 224256K, 35% used [0x00000000a0000000,0x00000000a4ea46c8,0x00000000adb00000)
 Metaspace       used 135972K, capacity 143260K, committed 143448K, reserved 1173504K
  class space    used 17149K, capacity 18551K, committed 18560K, reserved 1048576K
}
Event: 3782.983 GC heap before
{Heap before GC invocations=30 (full 4):
 PSYoungGen      total 474624K, used 451949K [0x00000000e0000000, 0x00000000ffc80000, 0x0000000100000000)
  eden space 427520K, 100% used [0x00000000e0000000,0x00000000fa180000,0x00000000fa180000)
  from space 47104K, 51% used [0x00000000fa180000,0x00000000fb95b6e0,0x00000000fcf80000)
  to   space 45056K, 0% used [0x00000000fd080000,0x00000000fd080000,0x00000000ffc80000)
 ParOldGen       total 224256K, used 80529K [0x00000000a0000000, 0x00000000adb00000, 0x00000000e0000000)
  object space 224256K, 35% used [0x00000000a0000000,0x00000000a4ea46c8,0x00000000adb00000)
 Metaspace       used 137202K, capacity 145028K, committed 145240K, reserved 1175552K
  class space    used 17264K, capacity 18728K, committed 18816K, reserved 1048576K
Event: 3783.009 GC heap after
Heap after GC invocations=30 (full 4):
 PSYoungGen      total 475648K, used 26157K [0x00000000e0000000, 0x00000000ffb00000, 0x0000000100000000)
  eden space 432128K, 0% used [0x00000000e0000000,0x00000000e0000000,0x00000000fa600000)
  from space 43520K, 60% used [0x00000000fd080000,0x00000000fea0b458,0x00000000ffb00000)
  to   space 43520K, 0% used [0x00000000fa600000,0x00000000fa600000,0x00000000fd080000)
 ParOldGen       total 224256K, used 80537K [0x00000000a0000000, 0x00000000adb00000, 0x00000000e0000000)
  object space 224256K, 35% used [0x00000000a0000000,0x00000000a4ea66c8,0x00000000adb00000)
 Metaspace       used 137202K, capacity 145028K, committed 145240K, reserved 1175552K
  class space    used 17264K, capacity 18728K, committed 18816K, reserved 1048576K
}
Event: 3783.658 GC heap before
{Heap before GC invocations=31 (full 4):
 PSYoungGen      total 475648K, used 458285K [0x00000000e0000000, 0x00000000ffb00000, 0x0000000100000000)
  eden space 432128K, 100% used [0x00000000e0000000,0x00000000fa600000,0x00000000fa600000)
  from space 43520K, 60% used [0x00000000fd080000,0x00000000fea0b458,0x00000000ffb00000)
  to   space 43520K, 0% used [0x00000000fa600000,0x00000000fa600000,0x00000000fd080000)
 ParOldGen       total 224256K, used 80537K [0x00000000a0000000, 0x00000000adb00000, 0x00000000e0000000)
  object space 224256K, 35% used [0x00000000a0000000,0x00000000a4ea66c8,0x00000000adb00000)
 Metaspace       used 137296K, capacity 145156K, committed 145240K, reserved 1175552K
  class space    used 17270K, capacity 18736K, committed 18816K, reserved 1048576K
Event: 3783.682 GC heap after
Heap after GC invocations=31 (full 4):
 PSYoungGen      total 475648K, used 30806K [0x00000000e0000000, 0x0000000100000000, 0x0000000100000000)
  eden space 432128K, 0% used [0x00000000e0000000,0x00000000e0000000,0x00000000fa600000)
  from space 43520K, 70% used [0x00000000fa600000,0x00000000fc415900,0x00000000fd080000)
  to   space 43520K, 0% used [0x00000000fd580000,0x00000000fd580000,0x0000000100000000)
 ParOldGen       total 224256K, used 80545K [0x00000000a0000000, 0x00000000adb00000, 0x00000000e0000000)
  object space 224256K, 35% used [0x00000000a0000000,0x00000000a4ea86c8,0x00000000adb00000)
 Metaspace       used 137296K, capacity 145156K, committed 145240K, reserved 1175552K
  class space    used 17270K, capacity 18736K, committed 18816K, reserved 1048576K
}
Event: 3784.344 GC heap before
{Heap before GC invocations=32 (full 4):
 PSYoungGen      total 475648K, used 462934K [0x00000000e0000000, 0x0000000100000000, 0x0000000100000000)
  eden space 432128K, 100% used [0x00000000e0000000,0x00000000fa600000,0x00000000fa600000)
  from space 43520K, 70% used [0x00000000fa600000,0x00000000fc415900,0x00000000fd080000)
  to   space 43520K, 0% used [0x00000000fd580000,0x00000000fd580000,0x0000000100000000)
 ParOldGen       total 224256K, used 80545K [0x00000000a0000000, 0x00000000adb00000, 0x00000000e0000000)
  object space 224256K, 35% used [0x00000000a0000000,0x00000000a4ea86c8,0x00000000adb00000)
 Metaspace       used 137323K, capacity 145166K, committed 145496K, reserved 1175552K
  class space    used 17270K, capacity 18737K, committed 18816K, reserved 1048576K
Event: 3784.373 GC heap after
Heap after GC invocations=32 (full 4):
 PSYoungGen      total 474624K, used 38445K [0x00000000e0000000, 0x0000000100000000, 0x0000000100000000)
  eden space 431104K, 0% used [0x00000000e0000000,0x00000000e0000000,0x00000000fa500000)
  from space 43520K, 88% used [0x00000000fd580000,0x00000000ffb0b6d8,0x0000000100000000)
  to   space 46592K, 0% used [0x00000000fa500000,0x00000000fa500000,0x00000000fd280000)
 ParOldGen       total 224256K, used 80553K [0x00000000a0000000, 0x00000000adb00000, 0x00000000e0000000)
  object space 224256K, 35% used [0x00000000a0000000,0x00000000a4eaa6c8,0x00000000adb00000)
 Metaspace       used 137323K, capacity 145166K, committed 145496K, reserved 1175552K
  class space    used 17270K, capacity 18737K, committed 18816K, reserved 1048576K
}
Event: 3784.845 GC heap before
{Heap before GC invocations=33 (full 4):
 PSYoungGen      total 474624K, used 469549K [0x00000000e0000000, 0x0000000100000000, 0x0000000100000000)
  eden space 431104K, 100% used [0x00000000e0000000,0x00000000fa500000,0x00000000fa500000)
  from space 43520K, 88% used [0x00000000fd580000,0x00000000ffb0b6d8,0x0000000100000000)
  to   space 46592K, 0% used [0x00000000fa500000,0x00000000fa500000,0x00000000fd280000)
 ParOldGen       total 224256K, used 80553K [0x00000000a0000000, 0x00000000adb00000, 0x00000000e0000000)
  object space 224256K, 35% used [0x00000000a0000000,0x00000000a4eaa6c8,0x00000000adb00000)
 Metaspace       used 137333K, capacity 145166K, committed 145496K, reserved 1175552K
  class space    used 17270K, capacity 18737K, committed 18816K, reserved 1048576K
Event: 3784.872 GC heap after
Heap after GC invocations=33 (full 4):
 PSYoungGen      total 477696K, used 32165K [0x00000000e0000000, 0x0000000100000000, 0x0000000100000000)
  eden space 431104K, 0% used [0x00000000e0000000,0x00000000e0000000,0x00000000fa500000)
  from space 46592K, 69% used [0x00000000fa500000,0x00000000fc469668,0x00000000fd280000)
  to   space 46080K, 0% used [0x00000000fd300000,0x00000000fd300000,0x0000000100000000)
 ParOldGen       total 224256K, used 85762K [0x00000000a0000000, 0x00000000adb00000, 0x00000000e0000000)
  object space 224256K, 38% used [0x00000000a0000000,0x00000000a53c0908,0x00000000adb00000)
 Metaspace       used 137333K, capacity 145166K, committed 145496K, reserved 1175552K
  class space    used 17270K, capacity 18737K, committed 18816K, reserved 1048576K
}

